<?xml version="1.0" encoding="UTF-8"?>
<testsuite name="org.example.SILab2Test" tests="1" skipped="0" failures="0" errors="0" timestamp="2024-05-17T06:43:19" hostname="DESKTOP-6LQ73TT" time="0.068">
  <properties/>
  <testcase name="noExceptionTest()" classname="org.example.SILab2Test" time="0.068"/>
  <system-out><![CDATA[]]></system-out>
  <system-err><![CDATA[]]></system-err>
</testsuite>
